<html>
<head>
<title>TestNG:  chrome</title>
<link href="../testng.css" rel="stylesheet" type="text/css" />
<link href="../my-testng.css" rel="stylesheet" type="text/css" />

<style type="text/css">
.log { display: none;} 
.stack-trace { display: none;} 
</style>
<script type="text/javascript">
<!--
function flip(e) {
  current = e.style.display;
  if (current == 'block') {
    e.style.display = 'none';
    return 0;
  }
  else {
    e.style.display = 'block';
    return 1;
  }
}

function toggleBox(szDivId, elem, msg1, msg2)
{
  var res = -1;  if (document.getElementById) {
    res = flip(document.getElementById(szDivId));
  }
  else if (document.all) {
    // this is the way old msie versions work
    res = flip(document.all[szDivId]);
  }
  if(elem) {
    if(res == 0) elem.innerHTML = msg1; else elem.innerHTML = msg2;
  }

}

function toggleAllBoxes() {
  if (document.getElementsByTagName) {
    d = document.getElementsByTagName('div');
    for (i = 0; i < d.length; i++) {
      if (d[i].className == 'log') {
        flip(d[i]);
      }
    }
  }
}

// -->
</script>

</head>
<body>
<h2 align='center'>chrome</h2><table border='1' align="center">
<tr>
<td>Tests passed/Failed/Skipped:</td><td>17/1/0</td>
</tr><tr>
<td>Started on:</td><td>Tue Mar 30 18:18:39 EDT 2021</td>
</tr>
<tr><td>Total time:</td><td>315 seconds (315564 ms)</td>
</tr><tr>
<td>Included groups:</td><td></td>
</tr><tr>
<td>Excluded groups:</td><td></td>
</tr>
</table><p/>
<small><i>(Hover the method name to see the test class name)</i></small><p/>
<table width='100%' border='1' class='invocation-failed'>
<tr><td colspan='4' align='center'><b>FAILED TESTS</b></td></tr>
<tr><td><b>Test method</b></td>
<td width="30%"><b>Exception</b></td>
<td width="10%"><b>Time (seconds)</b></td>
<td><b>Instance</b></td>
</tr>
<tr>
<td title='com.algoworks.contactUs.TestClass.CaseStudy.CaseStudy()'><b>CaseStudy</b><br>Test class: com.algoworks.contactUs.TestClass.CaseStudy<br>Parameters: TC_CS_08_CaseStudy_CRM_Retail-&-E-Commerce_2, 1800, //*[@data-id='5932'], GET FULL ACCESS NOW!</td>
<td><div><pre>org.openqa.selenium.WebDriverException: unknown error: Element &lt;a href=&quot;#&quot; class=&quot;btn&quot; data-toggle=&quot;modal&quot; data-target=&quot;#caseStudySubscriber&quot; data-id=&quot;5932&quot; target=&quot;_blank&quot; style=&quot;border: 8px solid green;&quot;&gt;...&lt;/a&gt; is not clickable at point (894, 24). Other element would receive the click: &lt;span class=&quot;ubermenu-target-title ubermenu-target-text&quot;&gt;...&lt;/span&gt;
  (Session info: chrome=87.0.4280.141)
  (Driver info: chromedriver=2.41.578700 (2f1ed5f9343c13f73144538f15c00b370eda6706),platform=Linux 5.4.0-67-generic x86_64) (WARNING: The server did not provide any stacktrace information)
Command duration or timeout: 0 milliseconds
Build info: version: &apos;3.141.59&apos;, revision: &apos;e82be7d358&apos;, time: &apos;2018-11-14T08:17:03&apos;
System info: host: &apos;mamta-Latitude-3400&apos;, ip: &apos;127.0.1.1&apos;, os.name: &apos;Linux&apos;, os.arch: &apos;amd64&apos;, os.version: &apos;5.4.0-67-generic&apos;, java.version: &apos;11.0.10&apos;
Driver info: org.openqa.selenium.chrome.ChromeDriver
Capabilities {acceptInsecureCerts: false, acceptSslCerts: false, applicationCacheEnabled: false, browserConnectionEnabled: false, browserName: chrome, chrome: {chromedriverVersion: 2.41.578700 (2f1ed5f9343c13..., userDataDir: /tmp/.org.chromium.Chromium...}, cssSelectorsEnabled: true, databaseEnabled: false, goog:chromeOptions: {debuggerAddress: localhost:34231}, handlesAlerts: true, hasTouchScreen: false, javascriptEnabled: true, locationContextEnabled: true, mobileEmulationEnabled: false, nativeEvents: true, networkConnectionEnabled: false, pageLoadStrategy: normal, platform: LINUX, platformName: LINUX, rotatable: false, setWindowRect: true, takesHeapSnapshot: true, takesScreenshot: true, unexpectedAlertBehaviour: , unhandledPromptBehavior: , version: 87.0.4280.141, webStorageEnabled: true}
Session ID: 9412e22e5dd3fdf02d244e526708bd1e
	at org.openqa.selenium.remote.ErrorHandler.createThrowable(ErrorHandler.java:214)
	at org.openqa.selenium.remote.ErrorHandler.throwIfResponseFailed(ErrorHandler.java:166)
	at org.openqa.selenium.remote.http.JsonHttpResponseCodec.reconstructValue(JsonHttpResponseCodec.java:40)
	at org.openqa.selenium.remote.http.AbstractHttpResponseCodec.decode(AbstractHttpResponseCodec.java:80)
	at org.openqa.selenium.remote.http.AbstractHttpResponseCodec.decode(AbstractHttpResponseCodec.java:44)
	at org.openqa.selenium.remote.HttpCommandExecutor.execute(HttpCommandExecutor.java:158)
	at org.openqa.selenium.remote.service.DriverCommandExecutor.execute(DriverCommandExecutor.java:83)
	at org.openqa.selenium.remote.RemoteWebDriver.execute(RemoteWebDriver.java:552)
	at org.openqa.selenium.remote.RemoteWebElement.execute(RemoteWebElement.java:285)
	at org.openqa.selenium.remote.RemoteWebElement.click(RemoteWebElement.java:84)
	at com.algoworks.contactUs.Utilities.TestUtils.CaseStudyFormValidation(TestUtils.java:428)
	at com.algoworks.contactUs.TestClass.CaseStudy.CaseStudy(CaseStudy.java:43)
	at java.base/java.util.ArrayList.forEach(ArrayList.java:1541)
	at java.base/java.util.concurrent.FutureTask.run(FutureTask.java:264)
	at java.base/java.util.concurrent.ThreadPoolExecutor.runWorker(ThreadPoolExecutor.java:1128)
	at java.base/java.util.concurrent.ThreadPoolExecutor$Worker.run(ThreadPoolExecutor.java:628)
	at java.base/java.lang.Thread.run(Thread.java:834)
... Removed 22 stack frames</pre></div><a href='#' onClick='toggleBox("stack-trace559492153", this, "Click to show all stack frames", "Click to hide stack frames")'>Click to show all stack frames</a>
<div class='stack-trace' id='stack-trace559492153'><pre>org.openqa.selenium.WebDriverException: unknown error: Element &lt;a href=&quot;#&quot; class=&quot;btn&quot; data-toggle=&quot;modal&quot; data-target=&quot;#caseStudySubscriber&quot; data-id=&quot;5932&quot; target=&quot;_blank&quot; style=&quot;border: 8px solid green;&quot;&gt;...&lt;/a&gt; is not clickable at point (894, 24). Other element would receive the click: &lt;span class=&quot;ubermenu-target-title ubermenu-target-text&quot;&gt;...&lt;/span&gt;
  (Session info: chrome=87.0.4280.141)
  (Driver info: chromedriver=2.41.578700 (2f1ed5f9343c13f73144538f15c00b370eda6706),platform=Linux 5.4.0-67-generic x86_64) (WARNING: The server did not provide any stacktrace information)
Command duration or timeout: 0 milliseconds
Build info: version: &apos;3.141.59&apos;, revision: &apos;e82be7d358&apos;, time: &apos;2018-11-14T08:17:03&apos;
System info: host: &apos;mamta-Latitude-3400&apos;, ip: &apos;127.0.1.1&apos;, os.name: &apos;Linux&apos;, os.arch: &apos;amd64&apos;, os.version: &apos;5.4.0-67-generic&apos;, java.version: &apos;11.0.10&apos;
Driver info: org.openqa.selenium.chrome.ChromeDriver
Capabilities {acceptInsecureCerts: false, acceptSslCerts: false, applicationCacheEnabled: false, browserConnectionEnabled: false, browserName: chrome, chrome: {chromedriverVersion: 2.41.578700 (2f1ed5f9343c13..., userDataDir: /tmp/.org.chromium.Chromium...}, cssSelectorsEnabled: true, databaseEnabled: false, goog:chromeOptions: {debuggerAddress: localhost:34231}, handlesAlerts: true, hasTouchScreen: false, javascriptEnabled: true, locationContextEnabled: true, mobileEmulationEnabled: false, nativeEvents: true, networkConnectionEnabled: false, pageLoadStrategy: normal, platform: LINUX, platformName: LINUX, rotatable: false, setWindowRect: true, takesHeapSnapshot: true, takesScreenshot: true, unexpectedAlertBehaviour: , unhandledPromptBehavior: , version: 87.0.4280.141, webStorageEnabled: true}
Session ID: 9412e22e5dd3fdf02d244e526708bd1e
	at java.base/jdk.internal.reflect.NativeConstructorAccessorImpl.newInstance0(Native Method)
	at java.base/jdk.internal.reflect.NativeConstructorAccessorImpl.newInstance(NativeConstructorAccessorImpl.java:62)
	at java.base/jdk.internal.reflect.DelegatingConstructorAccessorImpl.newInstance(DelegatingConstructorAccessorImpl.java:45)
	at java.base/java.lang.reflect.Constructor.newInstance(Constructor.java:490)
	at org.openqa.selenium.remote.ErrorHandler.createThrowable(ErrorHandler.java:214)
	at org.openqa.selenium.remote.ErrorHandler.throwIfResponseFailed(ErrorHandler.java:166)
	at org.openqa.selenium.remote.http.JsonHttpResponseCodec.reconstructValue(JsonHttpResponseCodec.java:40)
	at org.openqa.selenium.remote.http.AbstractHttpResponseCodec.decode(AbstractHttpResponseCodec.java:80)
	at org.openqa.selenium.remote.http.AbstractHttpResponseCodec.decode(AbstractHttpResponseCodec.java:44)
	at org.openqa.selenium.remote.HttpCommandExecutor.execute(HttpCommandExecutor.java:158)
	at org.openqa.selenium.remote.service.DriverCommandExecutor.execute(DriverCommandExecutor.java:83)
	at org.openqa.selenium.remote.RemoteWebDriver.execute(RemoteWebDriver.java:552)
	at org.openqa.selenium.remote.RemoteWebElement.execute(RemoteWebElement.java:285)
	at org.openqa.selenium.remote.RemoteWebElement.click(RemoteWebElement.java:84)
	at com.algoworks.contactUs.Utilities.TestUtils.CaseStudyFormValidation(TestUtils.java:428)
	at com.algoworks.contactUs.TestClass.CaseStudy.CaseStudy(CaseStudy.java:43)
	at java.base/jdk.internal.reflect.NativeMethodAccessorImpl.invoke0(Native Method)
	at java.base/jdk.internal.reflect.NativeMethodAccessorImpl.invoke(NativeMethodAccessorImpl.java:62)
	at java.base/jdk.internal.reflect.DelegatingMethodAccessorImpl.invoke(DelegatingMethodAccessorImpl.java:43)
	at java.base/java.lang.reflect.Method.invoke(Method.java:566)
	at org.testng.internal.MethodInvocationHelper.invokeMethod(MethodInvocationHelper.java:134)
	at org.testng.internal.TestInvoker.invokeMethod(TestInvoker.java:597)
	at org.testng.internal.TestInvoker.invokeTestMethod(TestInvoker.java:173)
	at org.testng.internal.MethodRunner.runInSequence(MethodRunner.java:46)
	at org.testng.internal.TestInvoker$MethodInvocationAgent.invoke(TestInvoker.java:816)
	at org.testng.internal.TestInvoker.invokeTestMethods(TestInvoker.java:146)
	at org.testng.internal.TestMethodWorker.invokeTestMethods(TestMethodWorker.java:146)
	at org.testng.internal.TestMethodWorker.run(TestMethodWorker.java:128)
	at java.base/java.util.ArrayList.forEach(ArrayList.java:1541)
	at org.testng.TestRunner.privateRun(TestRunner.java:766)
	at org.testng.TestRunner.run(TestRunner.java:587)
	at org.testng.SuiteRunner.runTest(SuiteRunner.java:384)
	at org.testng.SuiteRunner.access$000(SuiteRunner.java:28)
	at org.testng.SuiteRunner$SuiteWorker.run(SuiteRunner.java:425)
	at org.testng.internal.thread.ThreadUtil.lambda$execute$0(ThreadUtil.java:68)
	at java.base/java.util.concurrent.FutureTask.run(FutureTask.java:264)
	at java.base/java.util.concurrent.ThreadPoolExecutor.runWorker(ThreadPoolExecutor.java:1128)
	at java.base/java.util.concurrent.ThreadPoolExecutor$Worker.run(ThreadPoolExecutor.java:628)
	at java.base/java.lang.Thread.run(Thread.java:834)
</pre></div></td>
<td>9</td>
<td>com.algoworks.contactUs.TestClass.CaseStudy@23529fee</td></tr>
</table><p>
<table width='100%' border='1' class='invocation-passed'>
<tr><td colspan='4' align='center'><b>PASSED TESTS</b></td></tr>
<tr><td><b>Test method</b></td>
<td width="30%"><b>Exception</b></td>
<td width="10%"><b>Time (seconds)</b></td>
<td><b>Instance</b></td>
</tr>
<tr>
<td title='com.algoworks.contactUs.TestClass.CaseStudy.CaseStudy()'><b>CaseStudy</b><br>Test class: com.algoworks.contactUs.TestClass.CaseStudy<br>Parameters: TC_CS_01_CaseStudy_CRM_Retail-&-E-Commerce, 500, //*[@data-id='16660'], GET FULL ACCESS NOW!</td>
<td></td>
<td>13</td>
<td>com.algoworks.contactUs.TestClass.CaseStudy@23529fee</td></tr>
<tr>
<td title='com.algoworks.contactUs.TestClass.CaseStudy.CaseStudy()'><b>CaseStudy</b><br>Test class: com.algoworks.contactUs.TestClass.CaseStudy<br>Parameters: TC_CS_02_CaseStudy_CRM_HealthCare, 500, //*[@data-id='16622'], GET FULL ACCESS NOW!</td>
<td></td>
<td>13</td>
<td>com.algoworks.contactUs.TestClass.CaseStudy@23529fee</td></tr>
<tr>
<td title='com.algoworks.contactUs.TestClass.CaseStudy.CaseStudy()'><b>CaseStudy</b><br>Test class: com.algoworks.contactUs.TestClass.CaseStudy<br>Parameters: TC_CS_03_CaseStudy_BusinessIntelligence_Retail-&-E-Commerce, 900, //*[@data-id='16008'], GET FULL ACCESS NOW!</td>
<td></td>
<td>12</td>
<td>com.algoworks.contactUs.TestClass.CaseStudy@23529fee</td></tr>
<tr>
<td title='com.algoworks.contactUs.TestClass.CaseStudy.CaseStudy()'><b>CaseStudy</b><br>Test class: com.algoworks.contactUs.TestClass.CaseStudy<br>Parameters: TC_CS_04_CaseStudy_Java/j2EE_Retail-&-E-Commerce, 900, //*[@data-id='6742'], GET FULL ACCESS NOW!</td>
<td></td>
<td>12</td>
<td>com.algoworks.contactUs.TestClass.CaseStudy@23529fee</td></tr>
<tr>
<td title='com.algoworks.contactUs.TestClass.CaseStudy.CaseStudy()'><b>CaseStudy</b><br>Test class: com.algoworks.contactUs.TestClass.CaseStudy<br>Parameters: TC_CS_05_CaseStudy_Salesforce_Retail-&-E-Commerce, 1300, //*[@data-id='6740'], GET FULL ACCESS NOW!</td>
<td></td>
<td>12</td>
<td>com.algoworks.contactUs.TestClass.CaseStudy@23529fee</td></tr>
<tr>
<td title='com.algoworks.contactUs.TestClass.CaseStudy.CaseStudy()'><b>CaseStudy</b><br>Test class: com.algoworks.contactUs.TestClass.CaseStudy<br>Parameters: TC_CS_06_CaseStudy_CRM_Manufacturing, 1300, //*[@data-id='6741'], GET FULL ACCESS NOW!</td>
<td></td>
<td>13</td>
<td>com.algoworks.contactUs.TestClass.CaseStudy@23529fee</td></tr>
<tr>
<td title='com.algoworks.contactUs.TestClass.CaseStudy.CaseStudy()'><b>CaseStudy</b><br>Test class: com.algoworks.contactUs.TestClass.CaseStudy<br>Parameters: TC_CS_07_CaseStudy_.Net_Manufacturing, 1800, //*[@data-id='6616'], GET FULL ACCESS NOW!</td>
<td></td>
<td>13</td>
<td>com.algoworks.contactUs.TestClass.CaseStudy@23529fee</td></tr>
<tr>
<td title='com.algoworks.contactUs.TestClass.CaseStudy.CaseStudy()'><b>CaseStudy</b><br>Test class: com.algoworks.contactUs.TestClass.CaseStudy<br>Parameters: TC_CS_09_CaseStudy_.Net_HealthCare, 2200, //*[@data-id='5784'], GET FULL ACCESS NOW!</td>
<td></td>
<td>12</td>
<td>com.algoworks.contactUs.TestClass.CaseStudy@23529fee</td></tr>
<tr>
<td title='com.algoworks.contactUs.TestClass.CaseStudy.CaseStudy()'><b>CaseStudy</b><br>Test class: com.algoworks.contactUs.TestClass.CaseStudy<br>Parameters: TC_CS_10_CaseStudy_CRM_Financial, 2200, //*[@data-id='5575'], GET FULL ACCESS NOW!</td>
<td></td>
<td>13</td>
<td>com.algoworks.contactUs.TestClass.CaseStudy@23529fee</td></tr>
<tr>
<td title='com.algoworks.contactUs.TestClass.CaseStudy.CaseStudy()'><b>CaseStudy</b><br>Test class: com.algoworks.contactUs.TestClass.CaseStudy<br>Parameters: TC_CS_11_CaseStudy_.Net_ISVs, 2600, //*[@data-id='5529'], GET FULL ACCESS NOW!</td>
<td></td>
<td>12</td>
<td>com.algoworks.contactUs.TestClass.CaseStudy@23529fee</td></tr>
<tr>
<td title='com.algoworks.contactUs.TestClass.CaseStudy.CaseStudy()'><b>CaseStudy</b><br>Test class: com.algoworks.contactUs.TestClass.CaseStudy<br>Parameters: TC_CS_12_CaseStudy_Alfresco_Education, 2600, //*[@data-id='5240'], GET FULL ACCESS NOW!</td>
<td></td>
<td>12</td>
<td>com.algoworks.contactUs.TestClass.CaseStudy@23529fee</td></tr>
<tr>
<td title='com.algoworks.contactUs.TestClass.CaseStudy.CaseStudy()'><b>CaseStudy</b><br>Test class: com.algoworks.contactUs.TestClass.CaseStudy<br>Parameters: TC_CS_13_CaseStudy_Alfresco_Education_2, 3000, //*[@data-id='5232'], GET FULL ACCESS NOW!</td>
<td></td>
<td>13</td>
<td>com.algoworks.contactUs.TestClass.CaseStudy@23529fee</td></tr>
<tr>
<td title='com.algoworks.contactUs.TestClass.CaseStudy.CaseStudy()'><b>CaseStudy</b><br>Test class: com.algoworks.contactUs.TestClass.CaseStudy<br>Parameters: TC_CS_14_CaseStudy_Alfresco_Education_3, 3000, //*[@data-id='5186'], GET FULL ACCESS NOW!</td>
<td></td>
<td>12</td>
<td>com.algoworks.contactUs.TestClass.CaseStudy@23529fee</td></tr>
<tr>
<td title='com.algoworks.contactUs.TestClass.CaseStudy.CaseStudy()'><b>CaseStudy</b><br>Test class: com.algoworks.contactUs.TestClass.CaseStudy<br>Parameters: TC_CS_15_CaseStudy_CRM_Communications, 3450, //*[@data-id='5118'], GET FULL ACCESS NOW!</td>
<td></td>
<td>13</td>
<td>com.algoworks.contactUs.TestClass.CaseStudy@23529fee</td></tr>
<tr>
<td title='com.algoworks.contactUs.TestClass.CaseStudy.CaseStudy()'><b>CaseStudy</b><br>Test class: com.algoworks.contactUs.TestClass.CaseStudy<br>Parameters: TC_CS_16_CaseStudy_CRM_Financial_2, 3450, //*[@data-id='4740'], GET FULL ACCESS NOW!</td>
<td></td>
<td>13</td>
<td>com.algoworks.contactUs.TestClass.CaseStudy@23529fee</td></tr>
<tr>
<td title='com.algoworks.contactUs.TestClass.CaseStudy.CaseStudy()'><b>CaseStudy</b><br>Test class: com.algoworks.contactUs.TestClass.CaseStudy<br>Parameters: TC_CS_17_CaseStudy_CRM_Generic, 3900, //*[@data-id='4712'], GET FULL ACCESS NOW!</td>
<td></td>
<td>13</td>
<td>com.algoworks.contactUs.TestClass.CaseStudy@23529fee</td></tr>
<tr>
<td title='com.algoworks.contactUs.TestClass.CaseStudy.CaseStudy()'><b>CaseStudy</b><br>Test class: com.algoworks.contactUs.TestClass.CaseStudy<br>Parameters: TC_CS_18_CaseStudy_CRM_Education, 3900, //*[@data-id='4674'], GET FULL ACCESS NOW!</td>
<td></td>
<td>13</td>
<td>com.algoworks.contactUs.TestClass.CaseStudy@23529fee</td></tr>
</table><p>
</body>
</html>