<?xml version="1.0" encoding="UTF-8"?>
<!-- Generated by org.testng.reporters.JUnitXMLReporter -->
<testsuite ignored="0" hostname="mamta-Latitude-3400" failures="1" tests="18" name="chrome" time="315.564" errors="0" timestamp="2021-03-30T18:23:55 EDT">
  <testcase classname="com.algoworks.contactUs.TestClass.CaseStudy" name="CaseStudy" time="13.132"/>
  <testcase classname="com.algoworks.contactUs.TestClass.CaseStudy" name="CaseStudy" time="13.33"/>
  <testcase classname="com.algoworks.contactUs.TestClass.CaseStudy" name="CaseStudy" time="12.916"/>
  <testcase classname="com.algoworks.contactUs.TestClass.CaseStudy" name="CaseStudy" time="12.978"/>
  <testcase classname="com.algoworks.contactUs.TestClass.CaseStudy" name="CaseStudy" time="12.913"/>
  <testcase classname="com.algoworks.contactUs.TestClass.CaseStudy" name="CaseStudy" time="13.009"/>
  <testcase classname="com.algoworks.contactUs.TestClass.CaseStudy" name="CaseStudy" time="13.411"/>
  <testcase classname="com.algoworks.contactUs.TestClass.CaseStudy" name="CaseStudy" time="9.895">
    <failure type="org.openqa.selenium.WebDriverException" message="unknown error: Element &amp;lt;a href=&amp;quot;#&amp;quot; class=&amp;quot;btn&amp;quot; data-toggle=&amp;quot;modal&amp;quot; data-target=&amp;quot;#caseStudySubscriber&amp;quot; data-id=&amp;quot;5932&amp;quot; target=&amp;quot;_blank&amp;quot; style=&amp;quot;border: 8px solid green;&amp;quot;&amp;gt;...&amp;lt;/a&amp;gt; is not clickable at point (894, 24). Other element would receive the click: &amp;lt;span class=&amp;quot;ubermenu-target-title ubermenu-target-text&amp;quot;&amp;gt;...&amp;lt;/span&amp;gt;
  (Session info: chrome=87.0.4280.141)
  (Driver info: chromedriver=2.41.578700 (2f1ed5f9343c13f73144538f15c00b370eda6706),platform=Linux 5.4.0-67-generic x86_64) (WARNING: The server did not provide any stacktrace information)
Command duration or timeout: 0 milliseconds
Build info: version: &amp;apos;3.141.59&amp;apos;, revision: &amp;apos;e82be7d358&amp;apos;, time: &amp;apos;2018-11-14T08:17:03&amp;apos;
System info: host: &amp;apos;mamta-Latitude-3400&amp;apos;, ip: &amp;apos;127.0.1.1&amp;apos;, os.name: &amp;apos;Linux&amp;apos;, os.arch: &amp;apos;amd64&amp;apos;, os.version: &amp;apos;5.4.0-67-generic&amp;apos;, java.version: &amp;apos;11.0.10&amp;apos;
Driver info: org.openqa.selenium.chrome.ChromeDriver
Capabilities {acceptInsecureCerts: false, acceptSslCerts: false, applicationCacheEnabled: false, browserConnectionEnabled: false, browserName: chrome, chrome: {chromedriverVersion: 2.41.578700 (2f1ed5f9343c13..., userDataDir: /tmp/.org.chromium.Chromium...}, cssSelectorsEnabled: true, databaseEnabled: false, goog:chromeOptions: {debuggerAddress: localhost:34231}, handlesAlerts: true, hasTouchScreen: false, javascriptEnabled: true, locationContextEnabled: true, mobileEmulationEnabled: false, nativeEvents: true, networkConnectionEnabled: false, pageLoadStrategy: normal, platform: LINUX, platformName: LINUX, rotatable: false, setWindowRect: true, takesHeapSnapshot: true, takesScreenshot: true, unexpectedAlertBehaviour: , unhandledPromptBehavior: , version: 87.0.4280.141, webStorageEnabled: true}
Session ID: 9412e22e5dd3fdf02d244e526708bd1e">
      <![CDATA[org.openqa.selenium.WebDriverException: unknown error: Element <a href="#" class="btn" data-toggle="modal" data-target="#caseStudySubscriber" data-id="5932" target="_blank" style="border: 8px solid green;">...</a> is not clickable at point (894, 24). Other element would receive the click: <span class="ubermenu-target-title ubermenu-target-text">...</span>
  (Session info: chrome=87.0.4280.141)
  (Driver info: chromedriver=2.41.578700 (2f1ed5f9343c13f73144538f15c00b370eda6706),platform=Linux 5.4.0-67-generic x86_64) (WARNING: The server did not provide any stacktrace information)
Command duration or timeout: 0 milliseconds
Build info: version: '3.141.59', revision: 'e82be7d358', time: '2018-11-14T08:17:03'
System info: host: 'mamta-Latitude-3400', ip: '127.0.1.1', os.name: 'Linux', os.arch: 'amd64', os.version: '5.4.0-67-generic', java.version: '11.0.10'
Driver info: org.openqa.selenium.chrome.ChromeDriver
Capabilities {acceptInsecureCerts: false, acceptSslCerts: false, applicationCacheEnabled: false, browserConnectionEnabled: false, browserName: chrome, chrome: {chromedriverVersion: 2.41.578700 (2f1ed5f9343c13..., userDataDir: /tmp/.org.chromium.Chromium...}, cssSelectorsEnabled: true, databaseEnabled: false, goog:chromeOptions: {debuggerAddress: localhost:34231}, handlesAlerts: true, hasTouchScreen: false, javascriptEnabled: true, locationContextEnabled: true, mobileEmulationEnabled: false, nativeEvents: true, networkConnectionEnabled: false, pageLoadStrategy: normal, platform: LINUX, platformName: LINUX, rotatable: false, setWindowRect: true, takesHeapSnapshot: true, takesScreenshot: true, unexpectedAlertBehaviour: , unhandledPromptBehavior: , version: 87.0.4280.141, webStorageEnabled: true}
Session ID: 9412e22e5dd3fdf02d244e526708bd1e
at org.openqa.selenium.remote.ErrorHandler.createThrowable(ErrorHandler.java:214)
at org.openqa.selenium.remote.ErrorHandler.throwIfResponseFailed(ErrorHandler.java:166)
at org.openqa.selenium.remote.http.JsonHttpResponseCodec.reconstructValue(JsonHttpResponseCodec.java:40)
at org.openqa.selenium.remote.http.AbstractHttpResponseCodec.decode(AbstractHttpResponseCodec.java:80)
at org.openqa.selenium.remote.http.AbstractHttpResponseCodec.decode(AbstractHttpResponseCodec.java:44)
at org.openqa.selenium.remote.HttpCommandExecutor.execute(HttpCommandExecutor.java:158)
at org.openqa.selenium.remote.service.DriverCommandExecutor.execute(DriverCommandExecutor.java:83)
at org.openqa.selenium.remote.RemoteWebDriver.execute(RemoteWebDriver.java:552)
at org.openqa.selenium.remote.RemoteWebElement.execute(RemoteWebElement.java:285)
at org.openqa.selenium.remote.RemoteWebElement.click(RemoteWebElement.java:84)
at com.algoworks.contactUs.Utilities.TestUtils.CaseStudyFormValidation(TestUtils.java:428)
at com.algoworks.contactUs.TestClass.CaseStudy.CaseStudy(CaseStudy.java:43)
at java.base/java.util.ArrayList.forEach(ArrayList.java:1541)
at java.base/java.util.concurrent.FutureTask.run(FutureTask.java:264)
at java.base/java.util.concurrent.ThreadPoolExecutor.runWorker(ThreadPoolExecutor.java:1128)
at java.base/java.util.concurrent.ThreadPoolExecutor$Worker.run(ThreadPoolExecutor.java:628)
at java.base/java.lang.Thread.run(Thread.java:834)
... Removed 22 stack frames]]>
    </failure>
  </testcase> <!-- CaseStudy -->
  <testcase classname="com.algoworks.contactUs.TestClass.CaseStudy" name="CaseStudy" time="12.853"/>
  <testcase classname="com.algoworks.contactUs.TestClass.CaseStudy" name="CaseStudy" time="13.001"/>
  <testcase classname="com.algoworks.contactUs.TestClass.CaseStudy" name="CaseStudy" time="12.78"/>
  <testcase classname="com.algoworks.contactUs.TestClass.CaseStudy" name="CaseStudy" time="12.941"/>
  <testcase classname="com.algoworks.contactUs.TestClass.CaseStudy" name="CaseStudy" time="13.0"/>
  <testcase classname="com.algoworks.contactUs.TestClass.CaseStudy" name="CaseStudy" time="12.614"/>
  <testcase classname="com.algoworks.contactUs.TestClass.CaseStudy" name="CaseStudy" time="13.219"/>
  <testcase classname="com.algoworks.contactUs.TestClass.CaseStudy" name="CaseStudy" time="13.478"/>
  <testcase classname="com.algoworks.contactUs.TestClass.CaseStudy" name="CaseStudy" time="13.001"/>
  <testcase classname="com.algoworks.contactUs.TestClass.CaseStudy" name="CaseStudy" time="13.163"/>
</testsuite> <!-- chrome -->
