<?xml version="1.0" encoding="UTF-8"?>
<!-- Generated by org.testng.reporters.JUnitXMLReporter -->
<testsuite ignored="0" hostname="mamta-Latitude-3400" failures="1" tests="6" name="FirefoxBrowser" time="3.264" errors="0" timestamp="2021-03-22T14:29:37 EDT">
  <testcase classname="com.algoworks.contactUs.PageObjects.BaseClass" name="@AfterMethod onTestFailure" time="0.001">
    <failure type="java.lang.NullPointerException">
      <![CDATA[java.lang.NullPointerException
at com.algoworks.contactUs.PageObjects.BaseClass.onTestFailure(BaseClass.java:113)
at java.base/java.util.ArrayList.forEach(ArrayList.java:1541)
at java.base/java.util.concurrent.FutureTask.run(FutureTask.java:264)
at java.base/java.util.concurrent.ThreadPoolExecutor.runWorker(ThreadPoolExecutor.java:1128)
at java.base/java.util.concurrent.ThreadPoolExecutor$Worker.run(ThreadPoolExecutor.java:628)
at java.base/java.lang.Thread.run(Thread.java:834)
... Removed 23 stack frames]]>
    </failure>
  </testcase> <!-- @AfterMethod onTestFailure -->
  <testcase classname="com.algoworks.contactUs.PageObjects.BaseClass" name="@AfterMethod onTestSkip" time="-1.616437777229E9">
    <skipped/>
  </testcase> <!-- @AfterMethod onTestSkip -->
  <testcase classname="com.algoworks.contactUs.PageObjects.BaseClass" name="@AfterMethod onTestSuccess" time="-1.61643777723E9">
    <skipped/>
  </testcase> <!-- @AfterMethod onTestSuccess -->
  <testcase classname="com.algoworks.contactUs.PageObjects.BaseClass" name="@BeforeMethod onTestStart" time="-1.616437777231E9">
    <skipped/>
  </testcase> <!-- @BeforeMethod onTestStart -->
  <testcase classname="com.algoworks.contactUs.PageObjects.BaseClass" name="@AfterMethod onTestFailure" time="-1.616437777234E9">
    <skipped/>
  </testcase> <!-- @AfterMethod onTestFailure -->
  <testcase classname="com.algoworks.contactUs.PageObjects.BaseClass" name="@AfterMethod onTestSkip" time="-1.616437777235E9">
    <skipped/>
  </testcase> <!-- @AfterMethod onTestSkip -->
  <testcase classname="com.algoworks.contactUs.PageObjects.BaseClass" name="@AfterMethod onTestSuccess" time="-1.616437777236E9">
    <skipped/>
  </testcase> <!-- @AfterMethod onTestSuccess -->
  <testcase classname="com.algoworks.contactUs.PageObjects.BaseClass" name="@BeforeMethod onTestStart" time="-1.616437777237E9">
    <skipped/>
  </testcase> <!-- @BeforeMethod onTestStart -->
  <testcase classname="com.algoworks.contactUs.PageObjects.BaseClass" name="@AfterMethod onTestFailure" time="-1.61643777724E9">
    <skipped/>
  </testcase> <!-- @AfterMethod onTestFailure -->
  <testcase classname="com.algoworks.contactUs.PageObjects.BaseClass" name="@AfterMethod onTestSkip" time="-1.616437777241E9">
    <skipped/>
  </testcase> <!-- @AfterMethod onTestSkip -->
  <testcase classname="com.algoworks.contactUs.PageObjects.BaseClass" name="@AfterMethod onTestSuccess" time="-1.616437777241E9">
    <skipped/>
  </testcase> <!-- @AfterMethod onTestSuccess -->
  <testcase classname="com.algoworks.contactUs.PageObjects.BaseClass" name="@BeforeMethod onTestStart" time="-1.616437777242E9">
    <skipped/>
  </testcase> <!-- @BeforeMethod onTestStart -->
  <testcase classname="com.algoworks.contactUs.PageObjects.BaseClass" name="@AfterMethod onTestFailure" time="-1.616437777246E9">
    <skipped/>
  </testcase> <!-- @AfterMethod onTestFailure -->
  <testcase classname="com.algoworks.contactUs.PageObjects.BaseClass" name="@AfterMethod onTestSkip" time="-1.616437777246E9">
    <skipped/>
  </testcase> <!-- @AfterMethod onTestSkip -->
  <testcase classname="com.algoworks.contactUs.PageObjects.BaseClass" name="@AfterMethod onTestSuccess" time="-1.616437777247E9">
    <skipped/>
  </testcase> <!-- @AfterMethod onTestSuccess -->
  <testcase classname="com.algoworks.contactUs.PageObjects.BaseClass" name="@BeforeMethod onTestStart" time="-1.616437777249E9">
    <skipped/>
  </testcase> <!-- @BeforeMethod onTestStart -->
  <testcase classname="com.algoworks.contactUs.PageObjects.BaseClass" name="@AfterMethod onTestFailure" time="-1.616437777252E9">
    <skipped/>
  </testcase> <!-- @AfterMethod onTestFailure -->
  <testcase classname="com.algoworks.contactUs.PageObjects.BaseClass" name="@AfterMethod onTestSkip" time="-1.616437777253E9">
    <skipped/>
  </testcase> <!-- @AfterMethod onTestSkip -->
  <testcase classname="com.algoworks.contactUs.PageObjects.BaseClass" name="@AfterMethod onTestSuccess" time="-1.616437777254E9">
    <skipped/>
  </testcase> <!-- @AfterMethod onTestSuccess -->
  <testcase classname="com.algoworks.contactUs.PageObjects.BaseClass" name="@BeforeMethod onTestStart" time="-1.616437777255E9">
    <skipped/>
  </testcase> <!-- @BeforeMethod onTestStart -->
  <testcase classname="com.algoworks.contactUs.PageObjects.BaseClass" name="@AfterMethod onTestFailure" time="-1.61643777726E9">
    <skipped/>
  </testcase> <!-- @AfterMethod onTestFailure -->
  <testcase classname="com.algoworks.contactUs.PageObjects.BaseClass" name="@AfterMethod onTestSkip" time="-1.616437777261E9">
    <skipped/>
  </testcase> <!-- @AfterMethod onTestSkip -->
  <testcase classname="com.algoworks.contactUs.PageObjects.BaseClass" name="@AfterMethod onTestSuccess" time="-1.616437777262E9">
    <skipped/>
  </testcase> <!-- @AfterMethod onTestSuccess -->
  <testcase classname="com.algoworks.contactUs.TestClass.ContactForm" name="varContactForm" time="0.025">
    <failure type="org.openqa.selenium.WebDriverException" message="unknown error: unhandled inspector error: {&amp;quot;code&amp;quot;:-32000,&amp;quot;message&amp;quot;:&amp;quot;Cannot navigate to invalid URL&amp;quot;}
  (Session info: chrome=87.0.4280.141)
  (Driver info: chromedriver=2.41.578700 (2f1ed5f9343c13f73144538f15c00b370eda6706),platform=Linux 5.4.0-66-generic x86_64) (WARNING: The server did not provide any stacktrace information)
Command duration or timeout: 0 milliseconds
Build info: version: &amp;apos;3.141.59&amp;apos;, revision: &amp;apos;e82be7d358&amp;apos;, time: &amp;apos;2018-11-14T08:17:03&amp;apos;
System info: host: &amp;apos;mamta-Latitude-3400&amp;apos;, ip: &amp;apos;127.0.1.1&amp;apos;, os.name: &amp;apos;Linux&amp;apos;, os.arch: &amp;apos;amd64&amp;apos;, os.version: &amp;apos;5.4.0-66-generic&amp;apos;, java.version: &amp;apos;11.0.10&amp;apos;
Driver info: org.openqa.selenium.chrome.ChromeDriver
Capabilities {acceptInsecureCerts: false, acceptSslCerts: false, applicationCacheEnabled: false, browserConnectionEnabled: false, browserName: chrome, chrome: {chromedriverVersion: 2.41.578700 (2f1ed5f9343c13..., userDataDir: /tmp/.org.chromium.Chromium...}, cssSelectorsEnabled: true, databaseEnabled: false, goog:chromeOptions: {debuggerAddress: localhost:45601}, handlesAlerts: true, hasTouchScreen: false, javascriptEnabled: true, locationContextEnabled: true, mobileEmulationEnabled: false, nativeEvents: true, networkConnectionEnabled: false, pageLoadStrategy: normal, platform: LINUX, platformName: LINUX, rotatable: false, setWindowRect: true, takesHeapSnapshot: true, takesScreenshot: true, unexpectedAlertBehaviour: , unhandledPromptBehavior: , version: 87.0.4280.141, webStorageEnabled: true}
Session ID: 75ec2b252fb780934ae819db1379d32f">
      <![CDATA[org.openqa.selenium.WebDriverException: unknown error: unhandled inspector error: {"code":-32000,"message":"Cannot navigate to invalid URL"}
  (Session info: chrome=87.0.4280.141)
  (Driver info: chromedriver=2.41.578700 (2f1ed5f9343c13f73144538f15c00b370eda6706),platform=Linux 5.4.0-66-generic x86_64) (WARNING: The server did not provide any stacktrace information)
Command duration or timeout: 0 milliseconds
Build info: version: '3.141.59', revision: 'e82be7d358', time: '2018-11-14T08:17:03'
System info: host: 'mamta-Latitude-3400', ip: '127.0.1.1', os.name: 'Linux', os.arch: 'amd64', os.version: '5.4.0-66-generic', java.version: '11.0.10'
Driver info: org.openqa.selenium.chrome.ChromeDriver
Capabilities {acceptInsecureCerts: false, acceptSslCerts: false, applicationCacheEnabled: false, browserConnectionEnabled: false, browserName: chrome, chrome: {chromedriverVersion: 2.41.578700 (2f1ed5f9343c13..., userDataDir: /tmp/.org.chromium.Chromium...}, cssSelectorsEnabled: true, databaseEnabled: false, goog:chromeOptions: {debuggerAddress: localhost:45601}, handlesAlerts: true, hasTouchScreen: false, javascriptEnabled: true, locationContextEnabled: true, mobileEmulationEnabled: false, nativeEvents: true, networkConnectionEnabled: false, pageLoadStrategy: normal, platform: LINUX, platformName: LINUX, rotatable: false, setWindowRect: true, takesHeapSnapshot: true, takesScreenshot: true, unexpectedAlertBehaviour: , unhandledPromptBehavior: , version: 87.0.4280.141, webStorageEnabled: true}
Session ID: 75ec2b252fb780934ae819db1379d32f
at org.openqa.selenium.remote.ErrorHandler.createThrowable(ErrorHandler.java:214)
at org.openqa.selenium.remote.ErrorHandler.throwIfResponseFailed(ErrorHandler.java:166)
at org.openqa.selenium.remote.http.JsonHttpResponseCodec.reconstructValue(JsonHttpResponseCodec.java:40)
at org.openqa.selenium.remote.http.AbstractHttpResponseCodec.decode(AbstractHttpResponseCodec.java:80)
at org.openqa.selenium.remote.http.AbstractHttpResponseCodec.decode(AbstractHttpResponseCodec.java:44)
at org.openqa.selenium.remote.HttpCommandExecutor.execute(HttpCommandExecutor.java:158)
at org.openqa.selenium.remote.service.DriverCommandExecutor.execute(DriverCommandExecutor.java:83)
at org.openqa.selenium.remote.RemoteWebDriver.execute(RemoteWebDriver.java:552)
at org.openqa.selenium.remote.RemoteWebDriver.get(RemoteWebDriver.java:277)
at com.algoworks.contactUs.TestClass.ContactForm.varContactForm(ContactForm.java:81)
at java.base/java.util.ArrayList.forEach(ArrayList.java:1541)
at java.base/java.util.concurrent.FutureTask.run(FutureTask.java:264)
at java.base/java.util.concurrent.ThreadPoolExecutor.runWorker(ThreadPoolExecutor.java:1128)
at java.base/java.util.concurrent.ThreadPoolExecutor$Worker.run(ThreadPoolExecutor.java:628)
at java.base/java.lang.Thread.run(Thread.java:834)
... Removed 22 stack frames]]>
    </failure>
  </testcase> <!-- varContactForm -->
  <testcase classname="com.algoworks.contactUs.TestClass.ContactForm" name="varContactForm" time="0.0">
    <skipped/>
  </testcase> <!-- varContactForm -->
  <testcase classname="com.algoworks.contactUs.TestClass.ContactForm" name="varContactForm" time="0.0">
    <skipped/>
  </testcase> <!-- varContactForm -->
  <testcase classname="com.algoworks.contactUs.TestClass.ContactForm" name="varContactForm" time="0.0">
    <skipped/>
  </testcase> <!-- varContactForm -->
  <testcase classname="com.algoworks.contactUs.TestClass.ContactForm" name="varContactForm" time="0.0">
    <skipped/>
  </testcase> <!-- varContactForm -->
  <testcase classname="com.algoworks.contactUs.TestClass.ContactForm" name="varContactForm" time="0.0">
    <skipped/>
  </testcase> <!-- varContactForm -->
</testsuite> <!-- FirefoxBrowser -->
