<?xml version="1.0" encoding="UTF-8"?>
<!-- Generated by org.testng.reporters.JUnitReportReporter -->
<testsuite name="project.Test1" tests="1" time="50.756" ignored="23" failures="0" timestamp="18 Jan 2019 12:45:08 GMT" skipped="0" hostname="Chanchals-Mac-mini.local" errors="1">
  <testcase name="signUp1stUser" time="50.756" classname="project.Test1">
    <error type="org.openqa.selenium.NoSuchElementException" message="An element could not be located on the page using the given search parameters.
For documentation on this error, please visit: http://seleniumhq.org/exceptions/no_such_element.html
Build info: version: &#039;3.11.0&#039;, revision: &#039;e59cfb3&#039;, time: &#039;2018-03-11T20:26:55.152Z&#039;
System info: host: &#039;Chanchals-Mac-mini.local&#039;, ip: &#039;fe80:0:0:0:1048:3eb6:4eb9:e38b%en0&#039;, os.name: &#039;Mac OS X&#039;, os.arch: &#039;x86_64&#039;, os.version: &#039;10.14.2&#039;, java.version: &#039;1.8.0_191&#039;
Driver info: io.appium.java_client.ios.IOSDriver
Capabilities {automationName: XCUITest, browserName: , bundleId: com.algoworks.Jeebo, databaseEnabled: false, deviceName: iPhone X, javascriptEnabled: true, locationContextEnabled: false, networkConnectionEnabled: false, no-reset:  true, platform: MAC, platformName: MAC, takesScreenshot: true, udid: 08F44F8B-AD72-4789-97AC-BF3..., webStorageEnabled: false}
Session ID: e4ae7520-94bb-485d-ab0e-40b2391e88c0
*** Element info: {Using=xpath, value=//XCUIElementTypeApplication[@name=&quot;jeebo&quot;]/XCUIElementTypeWindow[1]/XCUIElementTypeOther/XCUIElementTypeOther/XCUIElementTypeOther/XCUIElementTypeOther/XCUIElementTypeScrollView/XCUIElementTypeOther/XCUIElementTypeOther[1]/XCUIElementTypeOther/XCUIElementTypeOther[1]/XCUIElementTypeTextField}">
      <![CDATA[org.openqa.selenium.NoSuchElementException: An element could not be located on the page using the given search parameters.
For documentation on this error, please visit: http://seleniumhq.org/exceptions/no_such_element.html
Build info: version: '3.11.0', revision: 'e59cfb3', time: '2018-03-11T20:26:55.152Z'
System info: host: 'Chanchals-Mac-mini.local', ip: 'fe80:0:0:0:1048:3eb6:4eb9:e38b%en0', os.name: 'Mac OS X', os.arch: 'x86_64', os.version: '10.14.2', java.version: '1.8.0_191'
Driver info: io.appium.java_client.ios.IOSDriver
Capabilities {automationName: XCUITest, browserName: , bundleId: com.algoworks.Jeebo, databaseEnabled: false, deviceName: iPhone X, javascriptEnabled: true, locationContextEnabled: false, networkConnectionEnabled: false, no-reset:  true, platform: MAC, platformName: MAC, takesScreenshot: true, udid: 08F44F8B-AD72-4789-97AC-BF3..., webStorageEnabled: false}
Session ID: e4ae7520-94bb-485d-ab0e-40b2391e88c0
*** Element info: {Using=xpath, value=//XCUIElementTypeApplication[@name="jeebo"]/XCUIElementTypeWindow[1]/XCUIElementTypeOther/XCUIElementTypeOther/XCUIElementTypeOther/XCUIElementTypeOther/XCUIElementTypeScrollView/XCUIElementTypeOther/XCUIElementTypeOther[1]/XCUIElementTypeOther/XCUIElementTypeOther[1]/XCUIElementTypeTextField}
	at sun.reflect.NativeConstructorAccessorImpl.newInstance0(Native Method)
	at sun.reflect.NativeConstructorAccessorImpl.newInstance(NativeConstructorAccessorImpl.java:62)
	at sun.reflect.DelegatingConstructorAccessorImpl.newInstance(DelegatingConstructorAccessorImpl.java:45)
	at java.lang.reflect.Constructor.newInstance(Constructor.java:423)
	at org.openqa.selenium.remote.http.W3CHttpResponseCodec.createException(W3CHttpResponseCodec.java:187)
	at org.openqa.selenium.remote.http.W3CHttpResponseCodec.decode(W3CHttpResponseCodec.java:122)
	at org.openqa.selenium.remote.http.W3CHttpResponseCodec.decode(W3CHttpResponseCodec.java:49)
	at org.openqa.selenium.remote.HttpCommandExecutor.execute(HttpCommandExecutor.java:158)
	at io.appium.java_client.remote.AppiumCommandExecutor.execute(AppiumCommandExecutor.java:129)
	at org.openqa.selenium.remote.RemoteWebDriver.execute(RemoteWebDriver.java:545)
	at io.appium.java_client.DefaultGenericMobileDriver.execute(DefaultGenericMobileDriver.java:42)
	at io.appium.java_client.AppiumDriver.execute(AppiumDriver.java:1)
	at io.appium.java_client.ios.IOSDriver.execute(IOSDriver.java:1)
	at org.openqa.selenium.remote.RemoteWebDriver.findElement(RemoteWebDriver.java:319)
	at io.appium.java_client.DefaultGenericMobileDriver.findElement(DefaultGenericMobileDriver.java:62)
	at io.appium.java_client.AppiumDriver.findElement(AppiumDriver.java:1)
	at io.appium.java_client.ios.IOSDriver.findElement(IOSDriver.java:1)
	at org.openqa.selenium.remote.RemoteWebDriver.findElementByXPath(RemoteWebDriver.java:421)
	at io.appium.java_client.DefaultGenericMobileDriver.findElementByXPath(DefaultGenericMobileDriver.java:152)
	at io.appium.java_client.AppiumDriver.findElementByXPath(AppiumDriver.java:1)
	at io.appium.java_client.ios.IOSDriver.findElementByXPath(IOSDriver.java:1)
	at org.openqa.selenium.By$ByXPath.findElement(By.java:361)
	at org.openqa.selenium.remote.RemoteWebDriver.findElement(RemoteWebDriver.java:311)
	at io.appium.java_client.DefaultGenericMobileDriver.findElement(DefaultGenericMobileDriver.java:58)
	at io.appium.java_client.AppiumDriver.findElement(AppiumDriver.java:1)
	at io.appium.java_client.ios.IOSDriver.findElement(IOSDriver.java:1)
	at Base.Capabilities.type(Capabilities.java:138)
	at project.Test1.signUp1stUser(Test1.java:33)
	at sun.reflect.NativeMethodAccessorImpl.invoke0(Native Method)
	at sun.reflect.NativeMethodAccessorImpl.invoke(NativeMethodAccessorImpl.java:62)
	at sun.reflect.DelegatingMethodAccessorImpl.invoke(DelegatingMethodAccessorImpl.java:43)
	at java.lang.reflect.Method.invoke(Method.java:498)
	at org.testng.internal.MethodInvocationHelper.invokeMethod(MethodInvocationHelper.java:104)
	at org.testng.internal.Invoker.invokeMethod(Invoker.java:645)
	at org.testng.internal.Invoker.invokeTestMethod(Invoker.java:851)
	at org.testng.internal.Invoker.invokeTestMethods(Invoker.java:1177)
	at org.testng.internal.TestMethodWorker.invokeTestMethods(TestMethodWorker.java:129)
	at org.testng.internal.TestMethodWorker.run(TestMethodWorker.java:112)
	at org.testng.TestRunner.privateRun(TestRunner.java:756)
	at org.testng.TestRunner.run(TestRunner.java:610)
	at org.testng.SuiteRunner.runTest(SuiteRunner.java:387)
	at org.testng.SuiteRunner.runSequentially(SuiteRunner.java:382)
	at org.testng.SuiteRunner.privateRun(SuiteRunner.java:340)
	at org.testng.SuiteRunner.run(SuiteRunner.java:289)
	at org.testng.SuiteRunnerWorker.runSuite(SuiteRunnerWorker.java:52)
	at org.testng.SuiteRunnerWorker.run(SuiteRunnerWorker.java:86)
	at org.testng.TestNG.runSuitesSequentially(TestNG.java:1293)
	at org.testng.TestNG.runSuitesLocally(TestNG.java:1218)
	at org.testng.TestNG.runSuites(TestNG.java:1133)
	at org.testng.TestNG.run(TestNG.java:1104)
	at org.testng.remote.AbstractRemoteTestNG.run(AbstractRemoteTestNG.java:114)
	at org.testng.remote.RemoteTestNG.initAndRun(RemoteTestNG.java:251)
	at org.testng.remote.RemoteTestNG.main(RemoteTestNG.java:77)
]]>
    </error>
  </testcase> <!-- signUp1stUser -->
  <testcase name="manageAffiliates" classname="project.Test1">
    <skipped/>
  </testcase> <!-- manageAffiliates -->
  <testcase name="edit_profile_camera" classname="project.Test1">
    <skipped/>
  </testcase> <!-- edit_profile_camera -->
  <testcase name="addNewAddress" classname="project.Test1">
    <skipped/>
  </testcase> <!-- addNewAddress -->
  <testcase name="HomeCategory" classname="project.Test1">
    <skipped/>
  </testcase> <!-- HomeCategory -->
  <testcase name="edit_profile_gallery" classname="project.Test1">
    <skipped/>
  </testcase> <!-- edit_profile_gallery -->
  <testcase name="notification" classname="project.Test1">
    <skipped/>
  </testcase> <!-- notification -->
  <testcase name="LoginScreen" classname="project.Test1">
    <skipped/>
  </testcase> <!-- LoginScreen -->
  <testcase name="PurchaseHistory" classname="project.Test1">
    <skipped/>
  </testcase> <!-- PurchaseHistory -->
  <testcase name="signUp" classname="project.Test1">
    <skipped/>
  </testcase> <!-- signUp -->
  <testcase name="ManageAddress" classname="project.Test1">
    <skipped/>
  </testcase> <!-- ManageAddress -->
  <testcase name="deleteAddress" classname="project.Test1">
    <skipped/>
  </testcase> <!-- deleteAddress -->
  <testcase name="RestaurantsCategory" classname="project.Test1">
    <skipped/>
  </testcase> <!-- RestaurantsCategory -->
  <testcase name="EdittingText" classname="project.Test1">
    <skipped/>
  </testcase> <!-- EdittingText -->
  <testcase name="AddNewCard" classname="project.Test1">
    <skipped/>
  </testcase> <!-- AddNewCard -->
  <testcase name="signUp3rdUser" classname="project.Test1">
    <skipped/>
  </testcase> <!-- signUp3rdUser -->
  <testcase name="DeleteCard" classname="project.Test1">
    <skipped/>
  </testcase> <!-- DeleteCard -->
  <testcase name="renameQuitList" classname="project.Test1">
    <skipped/>
  </testcase> <!-- renameQuitList -->
  <testcase name="SetInfoInProfile" classname="project.Test1">
    <skipped/>
  </testcase> <!-- SetInfoInProfile -->
  <testcase name="signUp2ndUser" classname="project.Test1">
    <skipped/>
  </testcase> <!-- signUp2ndUser -->
  <testcase name="NotificationPreferences" classname="project.Test1">
    <skipped/>
  </testcase> <!-- NotificationPreferences -->
  <testcase name="deleteList" classname="project.Test1">
    <skipped/>
  </testcase> <!-- deleteList -->
  <testcase name="ChangePassword" classname="project.Test1">
    <skipped/>
  </testcase> <!-- ChangePassword -->
  <testcase name="createList" classname="project.Test1">
    <skipped/>
  </testcase> <!-- createList -->
</testsuite> <!-- project.Test1 -->
