<?xml version="1.0" encoding="UTF-8"?>
<!-- Generated by org.testng.reporters.JUnitReportReporter -->
<testsuite name="webautomation.ContactFormNegativeNew" tests="10" time="1760.881" ignored="0" failures="1" timestamp="04 May 2020 07:22:56 GMT" skipped="0" hostname="riya-Latitude-3400" errors="0">
  <testcase name="contactformGDPRCountrynegative" time="71.462" classname="webautomation.ContactFormNegativeNew"/>
  <testcase name="contactformfirstnamenegative" time="266.139" classname="webautomation.ContactFormNegativeNew"/>
  <testcase name="contactformemail" time="221.848" classname="webautomation.ContactFormNegativeNew"/>
  <testcase name="contactformnumbernegative" time="220.434" classname="webautomation.ContactFormNegativeNew"/>
  <testcase name="contactformReasonforinquirynegative" time="37.768" classname="webautomation.ContactFormNegativeNew"/>
  <testcase name="contactformcompanynegative" time="146.357" classname="webautomation.ContactFormNegativeNew"/>
  <testcase name="contactformjobtitlenegative" time="236.815" classname="webautomation.ContactFormNegativeNew"/>
  <testcase name="contactformlastnamenegative" time="237.689" classname="webautomation.ContactFormNegativeNew"/>
  <testcase name="contactformcitynegative" time="214.186" classname="webautomation.ContactFormNegativeNew"/>
  <testcase name="contactformCountrynegative" time="108.183" classname="webautomation.ContactFormNegativeNew">
    <failure type="java.lang.AssertionError" message="expected [Please select your province.] but found [Please select your state from the dropdown.]">
      <![CDATA[java.lang.AssertionError: expected [Please select your province.] but found [Please select your state from the dropdown.]
	at org.testng.Assert.fail(Assert.java:94)
	at org.testng.Assert.failNotEquals(Assert.java:513)
	at org.testng.Assert.assertEqualsImpl(Assert.java:135)
	at org.testng.Assert.assertEquals(Assert.java:116)
	at org.testng.Assert.assertEquals(Assert.java:190)
	at org.testng.Assert.assertEquals(Assert.java:200)
	at webautomation.ContactFormNegativeNew.contactformCountrynegative(ContactFormNegativeNew.java:2500)
	at sun.reflect.NativeMethodAccessorImpl.invoke0(Native Method)
	at sun.reflect.NativeMethodAccessorImpl.invoke(NativeMethodAccessorImpl.java:62)
	at sun.reflect.DelegatingMethodAccessorImpl.invoke(DelegatingMethodAccessorImpl.java:43)
	at java.lang.reflect.Method.invoke(Method.java:498)
	at org.testng.internal.MethodInvocationHelper.invokeMethod(MethodInvocationHelper.java:104)
	at org.testng.internal.Invoker.invokeMethod(Invoker.java:645)
	at org.testng.internal.Invoker.invokeTestMethod(Invoker.java:851)
	at org.testng.internal.Invoker.invokeTestMethods(Invoker.java:1177)
	at org.testng.internal.TestMethodWorker.invokeTestMethods(TestMethodWorker.java:129)
	at org.testng.internal.TestMethodWorker.run(TestMethodWorker.java:112)
	at org.testng.TestRunner.privateRun(TestRunner.java:756)
	at org.testng.TestRunner.run(TestRunner.java:610)
	at org.testng.SuiteRunner.runTest(SuiteRunner.java:387)
	at org.testng.SuiteRunner.runSequentially(SuiteRunner.java:382)
	at org.testng.SuiteRunner.privateRun(SuiteRunner.java:340)
	at org.testng.SuiteRunner.run(SuiteRunner.java:289)
	at org.testng.SuiteRunnerWorker.runSuite(SuiteRunnerWorker.java:52)
	at org.testng.SuiteRunnerWorker.run(SuiteRunnerWorker.java:86)
	at org.testng.TestNG.runSuitesSequentially(TestNG.java:1293)
	at org.testng.TestNG.runSuitesLocally(TestNG.java:1218)
	at org.testng.TestNG.runSuites(TestNG.java:1133)
	at org.testng.TestNG.run(TestNG.java:1104)
	at org.testng.remote.AbstractRemoteTestNG.run(AbstractRemoteTestNG.java:115)
	at org.testng.remote.RemoteTestNG.initAndRun(RemoteTestNG.java:251)
	at org.testng.remote.RemoteTestNG.main(RemoteTestNG.java:77)
]]>
    </failure>
  </testcase> <!-- contactformCountrynegative -->
</testsuite> <!-- webautomation.ContactFormNegativeNew -->
