<?xml version="1.0" encoding="UTF-8"?>
<!-- Generated by org.testng.reporters.JUnitReportReporter -->
<testsuite hostname="mamta-Latitude-3400" failures="0" tests="18" name="com.algoworks.contactUs.TestClass.CaseStudy" time="314.879" errors="1" timestamp="2021-03-30T18:23:55 EDT" skipped="0">
  <testcase classname="com.algoworks.contactUs.TestClass.CaseStudy" name="CaseStudy" time="18.009"/>
  <system-out/>
  <testcase classname="com.algoworks.contactUs.TestClass.CaseStudy" name="CaseStudy" time="15.002">
    <error message="unknown error: Element &lt;a href=&quot;#&quot; class=&quot;btn&quot; data-toggle=&quot;modal&quot; data-target=&quot;#caseStudySubscriber&quot; data-id=&quot;5932&quot; target=&quot;_blank&quot; style=&quot;border: 8px solid green;&quot;&gt;...&lt;/a&gt; is not clickable at point (894, 24). Other element would receive the click: &lt;span class=&quot;ubermenu-target-title ubermenu-target-text&quot;&gt;...&lt;/span&gt;
  (Session info: chrome=87.0.4280.141)
  (Driver info: chromedriver=2.41.578700 (2f1ed5f9343c13f73144538f15c00b370eda6706),platform=Linux 5.4.0-67-generic x86_64) (WARNING: The server did not provide any stacktrace information)
Command duration or timeout: 0 milliseconds
Build info: version: &#039;3.141.59&#039;, revision: &#039;e82be7d358&#039;, time: &#039;2018-11-14T08:17:03&#039;
System info: host: &#039;mamta-Latitude-3400&#039;, ip: &#039;127.0.1.1&#039;, os.name: &#039;Linux&#039;, os.arch: &#039;amd64&#039;, os.version: &#039;5.4.0-67-generic&#039;, java.version: &#039;11.0.10&#039;
Driver info: org.openqa.selenium.chrome.ChromeDriver
Capabilities {acceptInsecureCerts: false, acceptSslCerts: false, applicationCacheEnabled: false, browserConnectionEnabled: false, browserName: chrome, chrome: {chromedriverVersion: 2.41.578700 (2f1ed5f9343c13..., userDataDir: /tmp/.org.chromium.Chromium...}, cssSelectorsEnabled: true, databaseEnabled: false, goog:chromeOptions: {debuggerAddress: localhost:34231}, handlesAlerts: true, hasTouchScreen: false, javascriptEnabled: true, locationContextEnabled: true, mobileEmulationEnabled: false, nativeEvents: true, networkConnectionEnabled: false, pageLoadStrategy: normal, platform: LINUX, platformName: LINUX, rotatable: false, setWindowRect: true, takesHeapSnapshot: true, takesScreenshot: true, unexpectedAlertBehaviour: , unhandledPromptBehavior: , version: 87.0.4280.141, webStorageEnabled: true}
Session ID: 9412e22e5dd3fdf02d244e526708bd1e" type="org.openqa.selenium.WebDriverException">
      <![CDATA[org.openqa.selenium.WebDriverException: unknown error: Element <a href="#" class="btn" data-toggle="modal" data-target="#caseStudySubscriber" data-id="5932" target="_blank" style="border: 8px solid green;">...</a> is not clickable at point (894, 24). Other element would receive the click: <span class="ubermenu-target-title ubermenu-target-text">...</span>
  (Session info: chrome=87.0.4280.141)
  (Driver info: chromedriver=2.41.578700 (2f1ed5f9343c13f73144538f15c00b370eda6706),platform=Linux 5.4.0-67-generic x86_64) (WARNING: The server did not provide any stacktrace information)
Command duration or timeout: 0 milliseconds
Build info: version: '3.141.59', revision: 'e82be7d358', time: '2018-11-14T08:17:03'
System info: host: 'mamta-Latitude-3400', ip: '127.0.1.1', os.name: 'Linux', os.arch: 'amd64', os.version: '5.4.0-67-generic', java.version: '11.0.10'
Driver info: org.openqa.selenium.chrome.ChromeDriver
Capabilities {acceptInsecureCerts: false, acceptSslCerts: false, applicationCacheEnabled: false, browserConnectionEnabled: false, browserName: chrome, chrome: {chromedriverVersion: 2.41.578700 (2f1ed5f9343c13..., userDataDir: /tmp/.org.chromium.Chromium...}, cssSelectorsEnabled: true, databaseEnabled: false, goog:chromeOptions: {debuggerAddress: localhost:34231}, handlesAlerts: true, hasTouchScreen: false, javascriptEnabled: true, locationContextEnabled: true, mobileEmulationEnabled: false, nativeEvents: true, networkConnectionEnabled: false, pageLoadStrategy: normal, platform: LINUX, platformName: LINUX, rotatable: false, setWindowRect: true, takesHeapSnapshot: true, takesScreenshot: true, unexpectedAlertBehaviour: , unhandledPromptBehavior: , version: 87.0.4280.141, webStorageEnabled: true}
Session ID: 9412e22e5dd3fdf02d244e526708bd1e
at java.base/jdk.internal.reflect.NativeConstructorAccessorImpl.newInstance0(Native Method)
at java.base/jdk.internal.reflect.NativeConstructorAccessorImpl.newInstance(NativeConstructorAccessorImpl.java:62)
at java.base/jdk.internal.reflect.DelegatingConstructorAccessorImpl.newInstance(DelegatingConstructorAccessorImpl.java:45)
at java.base/java.lang.reflect.Constructor.newInstance(Constructor.java:490)
at org.openqa.selenium.remote.ErrorHandler.createThrowable(ErrorHandler.java:214)
at org.openqa.selenium.remote.ErrorHandler.throwIfResponseFailed(ErrorHandler.java:166)
at org.openqa.selenium.remote.http.JsonHttpResponseCodec.reconstructValue(JsonHttpResponseCodec.java:40)
at org.openqa.selenium.remote.http.AbstractHttpResponseCodec.decode(AbstractHttpResponseCodec.java:80)
at org.openqa.selenium.remote.http.AbstractHttpResponseCodec.decode(AbstractHttpResponseCodec.java:44)
at org.openqa.selenium.remote.HttpCommandExecutor.execute(HttpCommandExecutor.java:158)
at org.openqa.selenium.remote.service.DriverCommandExecutor.execute(DriverCommandExecutor.java:83)
at org.openqa.selenium.remote.RemoteWebDriver.execute(RemoteWebDriver.java:552)
at org.openqa.selenium.remote.RemoteWebElement.execute(RemoteWebElement.java:285)
at org.openqa.selenium.remote.RemoteWebElement.click(RemoteWebElement.java:84)
at com.algoworks.contactUs.Utilities.TestUtils.CaseStudyFormValidation(TestUtils.java:428)
at com.algoworks.contactUs.TestClass.CaseStudy.CaseStudy(CaseStudy.java:43)
at java.base/jdk.internal.reflect.NativeMethodAccessorImpl.invoke0(Native Method)
at java.base/jdk.internal.reflect.NativeMethodAccessorImpl.invoke(NativeMethodAccessorImpl.java:62)
at java.base/jdk.internal.reflect.DelegatingMethodAccessorImpl.invoke(DelegatingMethodAccessorImpl.java:43)
at java.base/java.lang.reflect.Method.invoke(Method.java:566)
at org.testng.internal.MethodInvocationHelper.invokeMethod(MethodInvocationHelper.java:134)
at org.testng.internal.TestInvoker.invokeMethod(TestInvoker.java:597)
at org.testng.internal.TestInvoker.invokeTestMethod(TestInvoker.java:173)
at org.testng.internal.MethodRunner.runInSequence(MethodRunner.java:46)
at org.testng.internal.TestInvoker$MethodInvocationAgent.invoke(TestInvoker.java:816)
at org.testng.internal.TestInvoker.invokeTestMethods(TestInvoker.java:146)
at org.testng.internal.TestMethodWorker.invokeTestMethods(TestMethodWorker.java:146)
at org.testng.internal.TestMethodWorker.run(TestMethodWorker.java:128)
at java.base/java.util.ArrayList.forEach(ArrayList.java:1541)
at org.testng.TestRunner.privateRun(TestRunner.java:766)
at org.testng.TestRunner.run(TestRunner.java:587)
at org.testng.SuiteRunner.runTest(SuiteRunner.java:384)
at org.testng.SuiteRunner.access$000(SuiteRunner.java:28)
at org.testng.SuiteRunner$SuiteWorker.run(SuiteRunner.java:425)
at org.testng.internal.thread.ThreadUtil.lambda$execute$0(ThreadUtil.java:68)
at java.base/java.util.concurrent.FutureTask.run(FutureTask.java:264)
at java.base/java.util.concurrent.ThreadPoolExecutor.runWorker(ThreadPoolExecutor.java:1128)
at java.base/java.util.concurrent.ThreadPoolExecutor$Worker.run(ThreadPoolExecutor.java:628)
at java.base/java.lang.Thread.run(Thread.java:834)
]]>
    </error>
  </testcase> <!-- CaseStudy -->
  <system-out/>
  <testcase classname="com.algoworks.contactUs.TestClass.CaseStudy" name="CaseStudy" time="17.628"/>
  <system-out/>
  <testcase classname="com.algoworks.contactUs.TestClass.CaseStudy" name="CaseStudy" time="17.291"/>
  <system-out/>
  <testcase classname="com.algoworks.contactUs.TestClass.CaseStudy" name="CaseStudy" time="14.648"/>
  <system-out/>
  <testcase classname="com.algoworks.contactUs.TestClass.CaseStudy" name="CaseStudy" time="17.109"/>
  <system-out/>
  <testcase classname="com.algoworks.contactUs.TestClass.CaseStudy" name="CaseStudy" time="17.794"/>
  <system-out/>
  <testcase classname="com.algoworks.contactUs.TestClass.CaseStudy" name="CaseStudy" time="17.929"/>
  <system-out/>
  <testcase classname="com.algoworks.contactUs.TestClass.CaseStudy" name="CaseStudy" time="18.279"/>
  <system-out/>
  <testcase classname="com.algoworks.contactUs.TestClass.CaseStudy" name="CaseStudy" time="16.915"/>
  <system-out/>
  <testcase classname="com.algoworks.contactUs.TestClass.CaseStudy" name="CaseStudy" time="17.681"/>
  <system-out/>
  <testcase classname="com.algoworks.contactUs.TestClass.CaseStudy" name="CaseStudy" time="18.095"/>
  <system-out/>
  <testcase classname="com.algoworks.contactUs.TestClass.CaseStudy" name="CaseStudy" time="17.882"/>
  <system-out/>
  <testcase classname="com.algoworks.contactUs.TestClass.CaseStudy" name="CaseStudy" time="17.314"/>
  <system-out/>
  <testcase classname="com.algoworks.contactUs.TestClass.CaseStudy" name="CaseStudy" time="17.447"/>
  <system-out/>
  <testcase classname="com.algoworks.contactUs.TestClass.CaseStudy" name="CaseStudy" time="17.818"/>
  <system-out/>
  <testcase classname="com.algoworks.contactUs.TestClass.CaseStudy" name="CaseStudy" time="18.112"/>
  <system-out/>
  <testcase classname="com.algoworks.contactUs.TestClass.CaseStudy" name="CaseStudy" time="19.926"/>
  <system-out/>
</testsuite> <!-- com.algoworks.contactUs.TestClass.CaseStudy -->
